<?xml version="1.0" encoding="UTF-8"?>
<!-- Generated by org.testng.reporters.JUnitXMLReporter -->
<testsuite ignored="2" hostname="CN405" failures="0" tests="0" time="0.003" errors="0" timestamp="2025-03-18T16:14:30 IST">
  <testcase classname="arpitabiswas.Tests.ErrorValidation" name="errorValidationTest" time="0.0">
    <ignored/>
  </testcase> <!-- errorValidationTest -->
  <testcase classname="arpitabiswas.Tests.ErrorValidation" name="ProductErrorValidation" time="0.0">
    <ignored/>
  </testcase> <!-- ProductErrorValidation -->
</testsuite>
