<?xml version="1.0" encoding="UTF-8"?>
<!-- Generated by org.testng.reporters.JUnitXMLReporter -->
<testsuite ignored="0" hostname="CN405" failures="0" tests="3" name="Submit Order Test" time="7.92" errors="0" timestamp="2025-03-18T16:14:14 IST">
  <testcase classname="arpitabiswas.Tests.SubmitOrderTest" name="submitOrder" time="0.001"/>
  <testcase classname="arpitabiswas.Tests.SubmitOrderTest" name="submitOrder" time="0.001"/>
  <testcase classname="arpitabiswas.Tests.SubmitOrderTest" name="OrderHistoryTest" time="0.001"/>
</testsuite> <!-- Submit Order Test -->
