<?xml version="1.0" encoding="UTF-8"?>
<!-- Generated by org.testng.reporters.JUnitXMLReporter -->
<testsuite ignored="2" hostname="CN405" failures="0" tests="0" time="0.01" errors="0" timestamp="2025-03-18T14:22:56 IST">
  <testcase classname="arpitabiswas.Tests.SubmitOrderTest" name="submitOrder" time="0.0">
    <ignored/>
  </testcase> <!-- submitOrder -->
  <testcase classname="arpitabiswas.Tests.SubmitOrderTest" name="OrderHistoryTest" time="0.0">
    <ignored/>
  </testcase> <!-- OrderHistoryTest -->
</testsuite>
