<?xml version="1.0" encoding="UTF-8"?>
<!-- Generated by org.testng.reporters.JUnitReportReporter -->
<testsuite hostname="CN405" failures="0" tests="3" name="arpitabiswas.Tests.SubmitOrderTest" time="16.501" errors="0" timestamp="2025-03-17T15:30:11 IST" skipped="0">
  <testcase classname="arpitabiswas.Tests.SubmitOrderTest" name="submitOrder" time="6.239"/>
  <testcase classname="arpitabiswas.Tests.SubmitOrderTest" name="submitOrder" time="5.854"/>
  <testcase classname="arpitabiswas.Tests.SubmitOrderTest" name="OrderHistoryTest" time="4.408"/>
</testsuite> <!-- arpitabiswas.Tests.SubmitOrderTest -->
