<?xml version="1.0" encoding="UTF-8"?>
<!-- Generated by org.testng.reporters.JUnitReportReporter -->
<testsuite hostname="CN405" failures="0" tests="3" name="arpitabiswas.Tests.SubmitOrderTest" time="7.670" errors="0" timestamp="2025-03-18T16:14:29 IST" skipped="0">
  <testcase classname="arpitabiswas.Tests.SubmitOrderTest" name="OrderHistoryTest" time="2.733"/>
  <testcase classname="arpitabiswas.Tests.SubmitOrderTest" name="submitOrder" time="3.319"/>
  <testcase classname="arpitabiswas.Tests.SubmitOrderTest" name="submitOrder" time="1.618"/>
</testsuite> <!-- arpitabiswas.Tests.SubmitOrderTest -->
