<?xml version="1.0" encoding="UTF-8"?>
<!-- Generated by org.testng.reporters.JUnitReportReporter -->
<testsuite hostname="CN405" failures="0" tests="2" name="arpitabiswas.Tests.SauceLabTest" time="4.088" errors="0" timestamp="2025-03-18T16:14:30 IST" skipped="0">
  <testcase classname="arpitabiswas.Tests.SauceLabTest" name="SauceLabTesting" time="2.551"/>
  <testcase classname="arpitabiswas.Tests.SauceLabTest" name="SauceLabTesting" time="1.537"/>
</testsuite> <!-- arpitabiswas.Tests.SauceLabTest -->
