<?xml version="1.0" encoding="UTF-8"?>
<!-- Generated by org.testng.reporters.JUnitReportReporter -->
<testsuite hostname="CN405" failures="0" tests="2" name="arpitabiswas.Tests.ErrorValidation" time="8.793" errors="0" timestamp="2025-03-17T15:30:11 IST" skipped="0">
  <testcase classname="arpitabiswas.Tests.ErrorValidation" name="ProductErrorValidation" time="5.971"/>
  <testcase classname="arpitabiswas.Tests.ErrorValidation" name="errorValidationTest" time="2.822"/>
</testsuite> <!-- arpitabiswas.Tests.ErrorValidation -->
